# command: (cd /tmp/claude-0/-home-user-inventorai/e6ef6e0b-6a8c-5df5-9a73-74bc2c40b729/scratchpad/ws7-base-wt) python -m pytest tests/test_actionable_validation_plan.py -v
============================= test session starts ==============================
platform linux -- Python 3.11.15, pytest-9.1.1, pluggy-1.6.0 -- /usr/local/bin/python
cachedir: .pytest_cache
rootdir: /tmp/claude-0/-home-user-inventorai/e6ef6e0b-6a8c-5df5-9a73-74bc2c40b729/scratchpad/ws7-base-wt
collecting ... collected 18 items

tests/test_actionable_validation_plan.py::test_r1_answered_actions_must_be_requirement_linked_not_generic FAILED [  5%]
tests/test_actionable_validation_plan.py::test_r2_requirement_linked_wording_with_byte_verbatim_embed FAILED [ 11%]
tests/test_actionable_validation_plan.py::test_r3_undetermined_responsibility_uses_honest_two_line_wording FAILED [ 16%]
tests/test_actionable_validation_plan.py::test_r4_meaningless_confidence_line_suppressed_in_html_json_unchanged FAILED [ 22%]
tests/test_actionable_validation_plan.py::test_r5_pending_evidence_advisory_present_in_json_and_html FAILED [ 27%]
tests/test_actionable_validation_plan.py::test_r6_pending_specialist_advisory_present_in_json_and_html FAILED [ 33%]
tests/test_actionable_validation_plan.py::test_p1_exactly_one_step_or_blocked_item_per_eligible_requirement PASSED [ 38%]
tests/test_actionable_validation_plan.py::test_p2_section13_section14_arithmetic_tie_unchanged PASSED [ 44%]
tests/test_actionable_validation_plan.py::test_p3_vstep_and_vblock_id_schemes_unchanged PASSED [ 50%]
tests/test_actionable_validation_plan.py::test_p4_source_requirement_ids_unchanged PASSED [ 55%]
tests/test_actionable_validation_plan.py::test_p5_landscape_inherited_order_unchanged PASSED [ 61%]
tests/test_actionable_validation_plan.py::test_p6_section13_rows_statements_ids_order_byte_unchanged PASSED [ 66%]
tests/test_actionable_validation_plan.py::test_p7_disposition_passthrough_byte_unchanged PASSED [ 72%]
tests/test_actionable_validation_plan.py::test_p8_grouping_collapse_headers_and_count_wording_unchanged PASSED [ 77%]
tests/test_actionable_validation_plan.py::test_p9_inventor_statements_preserved_byte_verbatim PASSED [ 83%]
tests/test_actionable_validation_plan.py::test_p10_internal_responsibility_and_confidence_tokens_unchanged PASSED [ 88%]
tests/test_actionable_validation_plan.py::test_p11_advisory_absent_or_null_for_all_non_pending_rows PASSED [ 94%]
tests/test_actionable_validation_plan.py::test_p12_no_specialist_tool_threshold_or_d13_claim_in_section14 PASSED [100%]

=================================== FAILURES ===================================
_______ test_r1_answered_actions_must_be_requirement_linked_not_generic ________

ws1 = {'state': IdeaState(idea_id='5f37de39-a767-4d49-a65c-5fc8ae04665c', iteration=13, maturity_level=2, current_stage=3, d...class="back-link"><a href="/session/9019613d-3b23-46d6-a2a4-e12e1db1af38">Back to session</a></p>\n\n</body>\n</html>'}

    def test_r1_answered_actions_must_be_requirement_linked_not_generic(ws1):
        """R1 — the canonical Workstream 1 journey's 12 answered steps currently
        share one generic statement; the owner-approved presentation requires each
        answered action to embed its own requirement statement (D3/C1)."""
        state = ws1["state"]
        answered = _answered_engine_steps(state)
        # Stable precondition (BASE and HEAD): exactly twelve answered steps.
        assert len(answered) == 12, [st.step_id for st in answered]
        # Proof of the current BASE defect, recorded in the failure output.
        generic = [st for st in answered
                   if st.statement == LEGACY_GENERIC_ANSWERED_ACTION]
        # RED expectation: every answered action must be requirement-linked.
        mismatches = []
        for st in answered:
            content = _record_content(state, st.provenance.reference)
            expected = expected_answered_action(content.strip())
            if st.statement != expected:
                mismatches.append((st.step_id, st.statement))
>       assert not mismatches, (
            f"{len(generic)} of {len(answered)} answered steps still share the "
            f"generic statement {LEGACY_GENERIC_ANSWERED_ACTION!r}; "
            f"requirement-linked differentiation is required: {mismatches!r}")
E       AssertionError: 12 of 12 answered steps still share the generic statement 'Validate the recorded answer against the available evidence.'; requirement-linked differentiation is required: [('vstep:req:assertion:rec_1', 'Validate the recorded answer against the available evidence.'), ('vstep:req:assertion:rec_2', 'Validate the recorded answer against the available evidence.'), ('vstep:req:assertion:rec_3', 'Validate the recorded answer against the available evidence.'), ('vstep:req:assertion:rec_5', 'Validate the recorded answer against the available evidence.'), ('vstep:req:assertion:rec_6', 'Validate the recorded answer against the available evidence.'), ('vstep:req:assertion:rec_7', 'Validate the recorded answer against the available evidence.'), ('vstep:req:assertion:rec_8', 'Validate the recorded answer against the available evidence.'), ('vstep:req:assertion:rec_9', 'Validate the recorded answer against the available evidence.'), ('vstep:req:assertion:rec_10', 'Validate the recorded answer against the available evidence.'), ('vstep:req:assertion:rec_11', 'Validate the recorded answer against the available evidence.'), ('vstep:req:assertion:rec_12', 'Validate the recorded answer against the available evidence.'), ('vstep:req:assertion:rec_13', 'Validate the recorded answer against the available evidence.')]
E       assert not [('vstep:req:assertion:rec_1', 'Validate the recorded answer against the available evidence.'), ('vstep:req:assertion:rec_2', 'Validate the recorded answer against the available evidence.'), ('vstep:req:assertion:rec_3', 'Validate the recorded answer against the available evidence.'), ('vstep:req:assertion:rec_5', 'Validate the recorded answer against the available evidence.'), ('vstep:req:assertion:rec_6', 'Validate the recorded answer against the available evidence.'), ('vstep:req:assertion:rec_7', 'Validate the recorded answer against the available evidence.'), ...]

tests/test_actionable_validation_plan.py:301: AssertionError
_________ test_r2_requirement_linked_wording_with_byte_verbatim_embed __________

    def test_r2_requirement_linked_wording_with_byte_verbatim_embed():
        """R2 — a minimal answered fixture must receive the exact §5.1 wording
        embedding the requirement statement byte-verbatim."""
        state = _answered_state()
        expected = expected_answered_action(ANSWERED_STATEMENT)
        plan = derive_validation_plan(state)
        assert len(plan.steps) == 1
>       assert plan.steps[0].statement == expected
E       AssertionError: assert 'Validate the...ble evidence.' == 'Validate thi...he contacts.”'
E         
E         - Validate this recorded answer against the available evidence: “The relay contacts are rated above the maximum expected appliance current, so switching does not weld the contacts.”
E         + Validate the recorded answer against the available evidence.

tests/test_actionable_validation_plan.py:314: AssertionError
_______ test_r3_undetermined_responsibility_uses_honest_two_line_wording _______

    def test_r3_undetermined_responsibility_uses_honest_two_line_wording():
        """R3 — an UNDETERMINED-responsibility step must present the exact §5.2
        two-line wording while the internal token remains UNDETERMINED."""
        state = _undetermined_state()
        plan = derive_validation_plan(state)
        assert len(plan.steps) == 1
        # Internal token unchanged (passes on BASE and HEAD).
        assert plan.steps[0].responsibility == "UNDETERMINED"
        # RED expectation: the rendered Section 14 presents the two owner-approved
        # lines instead of the placeholder label "Responsibility undetermined".
        sec14 = _section14_html(_render(state))
>       assert RESPONSIBILITY_UNDETERMINED_LINE_1 in sec14, sec14
E       AssertionError: <h3>Validation Plan</h3>
E           
E           
E           
E           <p class="vp-intro">Suggested checks that would help firm up this idea. None has been carried out yet &mdash; these are proposals, not results. Each check keeps its supporting details on one line below it.</p>
E           
E           
E           
E           
E           
E           
E           
E           
E           
E           
E           
E           
E           
E           
E           
E           <h4 class="vp-group">Other suggested checks</h4>
E           
E           
E           
E           
E           
E           
E           
E           <div class="field-label">Validate the recorded answer against the available evidence.</div>
E           <div class="vp-meta">Responsibility: Responsibility undetermined &nbsp;&middot;&nbsp; Evidence needed: clarifying information &nbsp;&middot;&nbsp; Closure: Closed when clarifying information is provided and recorded; no such evidence is recorded yet. &nbsp;&middot;&nbsp; Provenance: Recorded answer &nbsp;&middot;&nbsp; Confidence: Confidence undetermined</div>
E           
E           
E           
E           
E           
E           
E           
E         </section>
E         
E         <p class="
E       assert 'Responsibility has not yet been assigned.' in '<h3>Validation Plan</h3>\n  \n  \n  \n  <p class="vp-intro">Suggested checks that would help firm up this idea. None has been carried out yet &mdash; these are proposals, not results. Each check keeps its supporting details on one line below it.</p>\n  \n  \n  \n  \n  \n  \n  \n  \n  \n  \n  \n  \n  \n  \n  \n  <h4 class="vp-group">Other suggested checks</h4>\n  \n  \n  \n  \n  \n  \n  \n  <div class="field-label">Validate the recorded answer against the available evidence.</div>\n  <div class="vp-meta">Responsibility: Responsibility undetermined &nbsp;&middot;&nbsp; Evidence needed: clarifying information &nbsp;&middot;&nbsp; Closure: Closed when clarifying information is provided and recorded; no such evidence is recorded yet. &nbsp;&middot;&nbsp; Provenance: Recorded answer &nbsp;&middot;&nbsp; Confidence: Confidence undetermined</div>\n  \n  \n  \n  \n  \n  \n  \n</section>\n\n<p class="'

tests/test_actionable_validation_plan.py:332: AssertionError
____ test_r4_meaningless_confidence_line_suppressed_in_html_json_unchanged _____

    def test_r4_meaningless_confidence_line_suppressed_in_html_json_unchanged():
        """R4 — HTML must not render a confidence line for UNDETERMINED while the
        JSON confidence fields and the internal token remain byte-unchanged."""
        state = _answered_state()
        plan = derive_validation_plan(state)
        assert plan.steps[0].confidence == "UNDETERMINED"
        step = _s14(assemble_deliverable(state))["steps"][0]
        # JSON byte-unchanged (passes on BASE and HEAD).
        assert step["confidence"] == "Confidence undetermined"
        assert step["confidence_label"] == "Confidence undetermined"
        # RED expectation: no rendered confidence fragment in Section 14.
        sec14 = _section14_html(_render(state))
>       assert "Confidence:" not in sec14, sec14
E       AssertionError: <h3>Validation Plan</h3>
E           
E           
E           
E           <p class="vp-intro">Suggested checks that would help firm up this idea. None has been carried out yet &mdash; these are proposals, not results. Each check keeps its supporting details on one line below it.</p>
E           
E           
E           
E           
E           
E           
E           
E           
E           
E           <h4 class="vp-group">Checks you can do yourself</h4>
E           
E           
E           
E           
E           
E           
E           
E           <div class="field-label">Validate the recorded answer against the available evidence.</div>
E           <div class="vp-meta">Responsibility: Owner can perform &nbsp;&middot;&nbsp; Evidence needed: owner confirmation &nbsp;&middot;&nbsp; Closure: Closed when owner confirmation is provided and recorded; no such evidence is recorded yet. &nbsp;&middot;&nbsp; Provenance: Recorded answer &nbsp;&middot;&nbsp; Confidence: Confidence undetermined</div>
E           
E           
E           
E           
E           
E           
E           
E           
E           
E           
E           
E           
E           
E         </section>
E         
E         <p class="
E       assert 'Confidence:' not in '<h3>Validat...\n<p class="'
E         
E         'Confidence:' is contained here:
E           <h3>Validation Plan</h3>
E             
E             
E             
E             <p class="vp-intro">Suggested checks that would help firm up this idea. None has been carried out yet &mdash; these are proposals, not results. Each check keeps its supporting details on one line below it.</p>...
E         
E         ...Full output truncated (37 lines hidden), use '-vv' to show

tests/test_actionable_validation_plan.py:348: AssertionError
__________ test_r5_pending_evidence_advisory_present_in_json_and_html __________

    def test_r5_pending_evidence_advisory_present_in_json_and_html():
        """R5 — the pending_evidence step must carry the exact §5.4 advisory in
        the additive per-step `advisory` field and in the rendered HTML."""
        state = _pending_evidence_state()
        steps = _s14(assemble_deliverable(state))["steps"]
        assert len(steps) == 1
>       assert steps[0].get("advisory") == PENDING_EVIDENCE_ADVISORY, steps[0]
E       AssertionError: {'statement': 'Provide the requested empirical evidence.', 'responsibility': 'Empirical evidence required', 'responsibility_label': 'Empirical evidence required', 'evidence_category': 'empirical evidence', ...}
E       assert None == 'Additional evidence is still required for this item.\nPrepare or obtain the evidence identified in the recorded request before treating the item as validated.'
E        +  where None = <built-in method get of dict object at 0x7f297ef93680>('advisory')
E        +    where <built-in method get of dict object at 0x7f297ef93680> = {'statement': 'Provide the requested empirical evidence.', 'responsibility': 'Empirical evidence required', 'responsibility_label': 'Empirical evidence required', 'evidence_category': 'empirical evidence', ...}.get

tests/test_actionable_validation_plan.py:357: AssertionError
_________ test_r6_pending_specialist_advisory_present_in_json_and_html _________

    def test_r6_pending_specialist_advisory_present_in_json_and_html():
        """R6 — the pending_specialist step must carry the exact §5.5 advisory
        (including the explicit capability limitation) in the additive per-step
        `advisory` field and in the rendered HTML."""
        state = _pending_specialist_state()
        steps = _s14(assemble_deliverable(state))["steps"]
        assert len(steps) == 1
>       assert steps[0].get("advisory") == PENDING_SPECIALIST_ADVISORY, steps[0]
E       AssertionError: {'statement': 'Obtain the requested specialist input.', 'responsibility': 'Specialist input required', 'responsibility_label': 'Specialist input required', 'evidence_category': 'specialist input', ...}
E       assert None == 'Specialist input is still required for this item.\nThe appropriate specialist has not yet been identified by the system.'
E        +  where None = <built-in method get of dict object at 0x7f297ee0d440>('advisory')
E        +    where <built-in method get of dict object at 0x7f297ee0d440> = {'statement': 'Obtain the requested specialist input.', 'responsibility': 'Specialist input required', 'responsibility_label': 'Specialist input required', 'evidence_category': 'specialist input', ...}.get

tests/test_actionable_validation_plan.py:370: AssertionError
=============================== warnings summary ===============================
engine/domain_rules.py:7
  /tmp/claude-0/-home-user-inventorai/e6ef6e0b-6a8c-5df5-9a73-74bc2c40b729/scratchpad/ws7-base-wt/engine/domain_rules.py:7: UserWarning: domain_registry: skipping domains/iot_electronics/domain.json (schema_version=None, expected '1.0')
    _REGISTRY = load_registry("domains/")

-- Docs: https://docs.pytest.org/en/stable/how-to/capture-warnings.html
=========================== short test summary info ============================
FAILED tests/test_actionable_validation_plan.py::test_r1_answered_actions_must_be_requirement_linked_not_generic
FAILED tests/test_actionable_validation_plan.py::test_r2_requirement_linked_wording_with_byte_verbatim_embed
FAILED tests/test_actionable_validation_plan.py::test_r3_undetermined_responsibility_uses_honest_two_line_wording
FAILED tests/test_actionable_validation_plan.py::test_r4_meaningless_confidence_line_suppressed_in_html_json_unchanged
FAILED tests/test_actionable_validation_plan.py::test_r5_pending_evidence_advisory_present_in_json_and_html
FAILED tests/test_actionable_validation_plan.py::test_r6_pending_specialist_advisory_present_in_json_and_html
=================== 6 failed, 12 passed, 1 warning in 0.67s ====================
